This is pdfTeX, Version 3.14159265-2.6-1.40.19 (MiKTeX 2.9.6800 64-bit) (preloaded format=pdflatex 2018.8.30)  25 OCT 2018 09:27
entering extended mode
**./lect_main.tex
(lect_main.tex
LaTeX2e <2018-04-01> patch level 5
("C:\Program Files\MiKTeX 2.9\tex\latex\base\article.cls"
Document Class: article 2014/09/29 v1.4h Standard LaTeX document class
("C:\Program Files\MiKTeX 2.9\tex\latex\base\size12.clo"
File: size12.clo 2014/09/29 v1.4h Standard LaTeX file (size option)
)
\c@part=\count80
\c@section=\count81
\c@subsection=\count82
\c@subsubsection=\count83
\c@paragraph=\count84
\c@subparagraph=\count85
\c@figure=\count86
\c@table=\count87
\abovecaptionskip=\skip41
\belowcaptionskip=\skip42
\bibindent=\dimen102
)
(C:/PROGRA~1/R/R-35~1.1/share/texmf/tex/latex\Sweave.sty
Package: Sweave 

("C:\Program Files\MiKTeX 2.9\tex\latex\base\ifthen.sty"
Package: ifthen 2014/09/29 v1.1c Standard LaTeX ifthen package (DPC)
)
("C:\Program Files\MiKTeX 2.9\tex\latex\graphics\graphicx.sty"
Package: graphicx 2017/06/01 v1.1a Enhanced LaTeX Graphics (DPC,SPQR)

("C:\Program Files\MiKTeX 2.9\tex\latex\graphics\keyval.sty"
Package: keyval 2014/10/28 v1.15 key=value parser (DPC)
\KV@toks@=\toks14
)
("C:\Program Files\MiKTeX 2.9\tex\latex\graphics\graphics.sty"
Package: graphics 2017/06/25 v1.2c Standard LaTeX Graphics (DPC,SPQR)

("C:\Program Files\MiKTeX 2.9\tex\latex\graphics\trig.sty"
Package: trig 2016/01/03 v1.10 sin cos tan (DPC)
)
("C:\Program Files\MiKTeX 2.9\tex\latex\graphics-cfg\graphics.cfg"
File: graphics.cfg 2016/06/04 v1.11 sample graphics configuration
)
Package graphics Info: Driver file: pdftex.def on input line 99.

("C:\Program Files\MiKTeX 2.9\tex\latex\graphics-def\pdftex.def"
File: pdftex.def 2018/01/08 v1.0l Graphics/color driver for pdftex
))
\Gin@req@height=\dimen103
\Gin@req@width=\dimen104
)
(C:\Users\Shaun\AppData\Roaming\MiKTeX\2.9\tex\latex\fancyvrb\fancyvrb.sty
Package: fancyvrb 2008/02/07

Style option: `fancyvrb' v2.7a, with DG/SPQR fixes, and firstline=lastline fix 
<2008/02/07> (tvz)
\FV@CodeLineNo=\count88
\FV@InFile=\read1
\FV@TabBox=\box26
\c@FancyVerbLine=\count89
\FV@StepNumber=\count90
\FV@OutFile=\write3
) ("C:\Program Files\MiKTeX 2.9\tex\latex\base\textcomp.sty"
Package: textcomp 2017/04/05 v2.0i Standard LaTeX package
Package textcomp Info: Sub-encoding information:
(textcomp)               5 = only ISO-Adobe without \textcurrency
(textcomp)               4 = 5 + \texteuro
(textcomp)               3 = 4 + \textohm
(textcomp)               2 = 3 + \textestimated + \textcurrency
(textcomp)               1 = TS1 - \textcircled - \t
(textcomp)               0 = TS1 (full)
(textcomp)             Font families with sub-encoding setting implement
(textcomp)             only a restricted character set as indicated.
(textcomp)             Family '?' is the default used for unknown fonts.
(textcomp)             See the documentation for details.
Package textcomp Info: Setting ? sub-encoding to TS1/1 on input line 79.

("C:\Program Files\MiKTeX 2.9\tex\latex\base\ts1enc.def"
File: ts1enc.def 2001/06/05 v3.0e (jk/car/fm) Standard LaTeX file
Now handling font encoding TS1 ...
... processing UTF-8 mapping file for font encoding TS1

("C:\Program Files\MiKTeX 2.9\tex\latex\base\ts1enc.dfu"
File: ts1enc.dfu 2018/04/05 v1.2c UTF-8 support for inputenc
   defining Unicode char U+00A2 (decimal 162)
   defining Unicode char U+00A3 (decimal 163)
   defining Unicode char U+00A4 (decimal 164)
   defining Unicode char U+00A5 (decimal 165)
   defining Unicode char U+00A6 (decimal 166)
   defining Unicode char U+00A7 (decimal 167)
   defining Unicode char U+00A8 (decimal 168)
   defining Unicode char U+00A9 (decimal 169)
   defining Unicode char U+00AA (decimal 170)
   defining Unicode char U+00AC (decimal 172)
   defining Unicode char U+00AE (decimal 174)
   defining Unicode char U+00AF (decimal 175)
   defining Unicode char U+00B0 (decimal 176)
   defining Unicode char U+00B1 (decimal 177)
   defining Unicode char U+00B2 (decimal 178)
   defining Unicode char U+00B3 (decimal 179)
   defining Unicode char U+00B4 (decimal 180)
   defining Unicode char U+00B5 (decimal 181)
   defining Unicode char U+00B6 (decimal 182)
   defining Unicode char U+00B7 (decimal 183)
   defining Unicode char U+00B9 (decimal 185)
   defining Unicode char U+00BA (decimal 186)
   defining Unicode char U+00BC (decimal 188)
   defining Unicode char U+00BD (decimal 189)
   defining Unicode char U+00BE (decimal 190)
   defining Unicode char U+00D7 (decimal 215)
   defining Unicode char U+00F7 (decimal 247)
   defining Unicode char U+0192 (decimal 402)
   defining Unicode char U+02C7 (decimal 711)
   defining Unicode char U+02D8 (decimal 728)
   defining Unicode char U+02DD (decimal 733)
   defining Unicode char U+0E3F (decimal 3647)
   defining Unicode char U+2016 (decimal 8214)
   defining Unicode char U+2020 (decimal 8224)
   defining Unicode char U+2021 (decimal 8225)
   defining Unicode char U+2022 (decimal 8226)
   defining Unicode char U+2030 (decimal 8240)
   defining Unicode char U+2031 (decimal 8241)
   defining Unicode char U+203B (decimal 8251)
   defining Unicode char U+203D (decimal 8253)
   defining Unicode char U+2044 (decimal 8260)
   defining Unicode char U+204E (decimal 8270)
   defining Unicode char U+2052 (decimal 8274)
   defining Unicode char U+20A1 (decimal 8353)
   defining Unicode char U+20A4 (decimal 8356)
   defining Unicode char U+20A6 (decimal 8358)
   defining Unicode char U+20A9 (decimal 8361)
   defining Unicode char U+20AB (decimal 8363)
   defining Unicode char U+20AC (decimal 8364)
   defining Unicode char U+20B1 (decimal 8369)
   defining Unicode char U+2103 (decimal 8451)
   defining Unicode char U+2116 (decimal 8470)
   defining Unicode char U+2117 (decimal 8471)
   defining Unicode char U+211E (decimal 8478)
   defining Unicode char U+2120 (decimal 8480)
   defining Unicode char U+2122 (decimal 8482)
   defining Unicode char U+2126 (decimal 8486)
   defining Unicode char U+2127 (decimal 8487)
   defining Unicode char U+212E (decimal 8494)
   defining Unicode char U+2190 (decimal 8592)
   defining Unicode char U+2191 (decimal 8593)
   defining Unicode char U+2192 (decimal 8594)
   defining Unicode char U+2193 (decimal 8595)
   defining Unicode char U+2329 (decimal 9001)
   defining Unicode char U+232A (decimal 9002)
   defining Unicode char U+2422 (decimal 9250)
   defining Unicode char U+25E6 (decimal 9702)
   defining Unicode char U+25EF (decimal 9711)
   defining Unicode char U+266A (decimal 9834)
   defining Unicode char U+FEFF (decimal 65279)
))
LaTeX Info: Redefining \oldstylenums on input line 334.
Package textcomp Info: Setting cmr sub-encoding to TS1/0 on input line 349.
Package textcomp Info: Setting cmss sub-encoding to TS1/0 on input line 350.
Package textcomp Info: Setting cmtt sub-encoding to TS1/0 on input line 351.
Package textcomp Info: Setting cmvtt sub-encoding to TS1/0 on input line 352.
Package textcomp Info: Setting cmbr sub-encoding to TS1/0 on input line 353.
Package textcomp Info: Setting cmtl sub-encoding to TS1/0 on input line 354.
Package textcomp Info: Setting ccr sub-encoding to TS1/0 on input line 355.
Package textcomp Info: Setting ptm sub-encoding to TS1/4 on input line 356.
Package textcomp Info: Setting pcr sub-encoding to TS1/4 on input line 357.
Package textcomp Info: Setting phv sub-encoding to TS1/4 on input line 358.
Package textcomp Info: Setting ppl sub-encoding to TS1/3 on input line 359.
Package textcomp Info: Setting pag sub-encoding to TS1/4 on input line 360.
Package textcomp Info: Setting pbk sub-encoding to TS1/4 on input line 361.
Package textcomp Info: Setting pnc sub-encoding to TS1/4 on input line 362.
Package textcomp Info: Setting pzc sub-encoding to TS1/4 on input line 363.
Package textcomp Info: Setting bch sub-encoding to TS1/4 on input line 364.
Package textcomp Info: Setting put sub-encoding to TS1/5 on input line 365.
Package textcomp Info: Setting uag sub-encoding to TS1/5 on input line 366.
Package textcomp Info: Setting ugq sub-encoding to TS1/5 on input line 367.
Package textcomp Info: Setting ul8 sub-encoding to TS1/4 on input line 368.
Package textcomp Info: Setting ul9 sub-encoding to TS1/4 on input line 369.
Package textcomp Info: Setting augie sub-encoding to TS1/5 on input line 370.
Package textcomp Info: Setting dayrom sub-encoding to TS1/3 on input line 371.
Package textcomp Info: Setting dayroms sub-encoding to TS1/3 on input line 372.

Package textcomp Info: Setting pxr sub-encoding to TS1/0 on input line 373.
Package textcomp Info: Setting pxss sub-encoding to TS1/0 on input line 374.
Package textcomp Info: Setting pxtt sub-encoding to TS1/0 on input line 375.
Package textcomp Info: Setting txr sub-encoding to TS1/0 on input line 376.
Package textcomp Info: Setting txss sub-encoding to TS1/0 on input line 377.
Package textcomp Info: Setting txtt sub-encoding to TS1/0 on input line 378.
Package textcomp Info: Setting lmr sub-encoding to TS1/0 on input line 379.
Package textcomp Info: Setting lmdh sub-encoding to TS1/0 on input line 380.
Package textcomp Info: Setting lmss sub-encoding to TS1/0 on input line 381.
Package textcomp Info: Setting lmssq sub-encoding to TS1/0 on input line 382.
Package textcomp Info: Setting lmvtt sub-encoding to TS1/0 on input line 383.
Package textcomp Info: Setting lmtt sub-encoding to TS1/0 on input line 384.
Package textcomp Info: Setting qhv sub-encoding to TS1/0 on input line 385.
Package textcomp Info: Setting qag sub-encoding to TS1/0 on input line 386.
Package textcomp Info: Setting qbk sub-encoding to TS1/0 on input line 387.
Package textcomp Info: Setting qcr sub-encoding to TS1/0 on input line 388.
Package textcomp Info: Setting qcs sub-encoding to TS1/0 on input line 389.
Package textcomp Info: Setting qpl sub-encoding to TS1/0 on input line 390.
Package textcomp Info: Setting qtm sub-encoding to TS1/0 on input line 391.
Package textcomp Info: Setting qzc sub-encoding to TS1/0 on input line 392.
Package textcomp Info: Setting qhvc sub-encoding to TS1/0 on input line 393.
Package textcomp Info: Setting futs sub-encoding to TS1/4 on input line 394.
Package textcomp Info: Setting futx sub-encoding to TS1/4 on input line 395.
Package textcomp Info: Setting futj sub-encoding to TS1/4 on input line 396.
Package textcomp Info: Setting hlh sub-encoding to TS1/3 on input line 397.
Package textcomp Info: Setting hls sub-encoding to TS1/3 on input line 398.
Package textcomp Info: Setting hlst sub-encoding to TS1/3 on input line 399.
Package textcomp Info: Setting hlct sub-encoding to TS1/5 on input line 400.
Package textcomp Info: Setting hlx sub-encoding to TS1/5 on input line 401.
Package textcomp Info: Setting hlce sub-encoding to TS1/5 on input line 402.
Package textcomp Info: Setting hlcn sub-encoding to TS1/5 on input line 403.
Package textcomp Info: Setting hlcw sub-encoding to TS1/5 on input line 404.
Package textcomp Info: Setting hlcf sub-encoding to TS1/5 on input line 405.
Package textcomp Info: Setting pplx sub-encoding to TS1/3 on input line 406.
Package textcomp Info: Setting pplj sub-encoding to TS1/3 on input line 407.
Package textcomp Info: Setting ptmx sub-encoding to TS1/4 on input line 408.
Package textcomp Info: Setting ptmj sub-encoding to TS1/4 on input line 409.
)
("C:\Program Files\MiKTeX 2.9\tex\latex\base\fontenc.sty"
Package: fontenc 2017/04/05 v2.0i Standard LaTeX package

("C:\Program Files\MiKTeX 2.9\tex\latex\base\t1enc.def"
File: t1enc.def 2017/04/05 v2.0i Standard LaTeX file
LaTeX Font Info:    Redeclaring font encoding T1 on input line 48.
))
("C:\Program Files\MiKTeX 2.9\tex\latex\ae\ae.sty"
Package: ae 2001/02/12 1.3 Almost European Computer Modern

("C:\Program Files\MiKTeX 2.9\tex\latex\base\fontenc.sty"
Package: fontenc 2017/04/05 v2.0i Standard LaTeX package

("C:\Program Files\MiKTeX 2.9\tex\latex\base\t1enc.def"
File: t1enc.def 2017/04/05 v2.0i Standard LaTeX file
LaTeX Font Info:    Redeclaring font encoding T1 on input line 48.
)
LaTeX Font Info:    Try loading font information for T1+aer on input line 105.

("C:\Program Files\MiKTeX 2.9\tex\latex\ae\t1aer.fd"
File: t1aer.fd 1997/11/16 Font definitions for T1/aer.
))))
(C:\Users\Shaun\AppData\Roaming\MiKTeX\2.9\tex\latex\natbib\natbib.sty
Package: natbib 2010/09/13 8.31b (PWD, AO)
\bibhang=\skip43
\bibsep=\skip44
LaTeX Info: Redefining \cite on input line 694.
\c@NAT@ctr=\count91
)
("C:\Program Files\MiKTeX 2.9\tex\latex\hyperref\hyperref.sty"
Package: hyperref 2018/02/06 v6.86b Hypertext links for LaTeX

("C:\Program Files\MiKTeX 2.9\tex\generic\oberdiek\hobsub-hyperref.sty"
Package: hobsub-hyperref 2016/05/16 v1.14 Bundle oberdiek, subset hyperref (HO)


("C:\Program Files\MiKTeX 2.9\tex\generic\oberdiek\hobsub-generic.sty"
Package: hobsub-generic 2016/05/16 v1.14 Bundle oberdiek, subset generic (HO)
Package: hobsub 2016/05/16 v1.14 Construct package bundles (HO)
Package: infwarerr 2016/05/16 v1.4 Providing info/warning/error messages (HO)
Package: ltxcmds 2016/05/16 v1.23 LaTeX kernel commands for general use (HO)
Package: ifluatex 2016/05/16 v1.4 Provides the ifluatex switch (HO)
Package ifluatex Info: LuaTeX not detected.
Package: ifvtex 2016/05/16 v1.6 Detect VTeX and its facilities (HO)
Package ifvtex Info: VTeX not detected.
Package: intcalc 2016/05/16 v1.2 Expandable calculations with integers (HO)
Package: ifpdf 2017/03/15 v3.2 Provides the ifpdf switch
Package: etexcmds 2016/05/16 v1.6 Avoid name clashes with e-TeX commands (HO)
Package etexcmds Info: Could not find \expanded.
(etexcmds)             That can mean that you are not using pdfTeX 1.50 or
(etexcmds)             that some package has redefined \expanded.
(etexcmds)             In the latter case, load this package earlier.
Package: kvsetkeys 2016/05/16 v1.17 Key value parser (HO)
Package: kvdefinekeys 2016/05/16 v1.4 Define keys (HO)
Package: pdftexcmds 2018/01/30 v0.27 Utility functions of pdfTeX for LuaTeX (HO
)
Package pdftexcmds Info: LuaTeX not detected.
Package pdftexcmds Info: \pdf@primitive is available.
Package pdftexcmds Info: \pdf@ifprimitive is available.
Package pdftexcmds Info: \pdfdraftmode found.
Package: pdfescape 2016/05/16 v1.14 Implements pdfTeX's escape features (HO)
Package: bigintcalc 2016/05/16 v1.4 Expandable calculations on big integers (HO
)
Package: bitset 2016/05/16 v1.2 Handle bit-vector datatype (HO)
Package: uniquecounter 2016/05/16 v1.3 Provide unlimited unique counter (HO)
)
Package hobsub Info: Skipping package `hobsub' (already loaded).
Package: letltxmacro 2016/05/16 v1.5 Let assignment for LaTeX macros (HO)
Package: hopatch 2016/05/16 v1.3 Wrapper for package hooks (HO)
Package: xcolor-patch 2016/05/16 xcolor patch
Package: atveryend 2016/05/16 v1.9 Hooks at the very end of document (HO)
Package atveryend Info: \enddocument detected (standard20110627).
Package: atbegshi 2016/06/09 v1.18 At begin shipout hook (HO)
Package: refcount 2016/05/16 v3.5 Data extraction from label references (HO)
Package: hycolor 2016/05/16 v1.8 Color options for hyperref/bookmark (HO)
)
("C:\Program Files\MiKTeX 2.9\tex\generic\ifxetex\ifxetex.sty"
Package: ifxetex 2010/09/12 v0.6 Provides ifxetex conditional
)
("C:\Program Files\MiKTeX 2.9\tex\latex\oberdiek\auxhook.sty"
Package: auxhook 2016/05/16 v1.4 Hooks for auxiliary files (HO)
)
("C:\Program Files\MiKTeX 2.9\tex\latex\oberdiek\kvoptions.sty"
Package: kvoptions 2016/05/16 v3.12 Key value format for package options (HO)
)
\@linkdim=\dimen105
\Hy@linkcounter=\count92
\Hy@pagecounter=\count93

("C:\Program Files\MiKTeX 2.9\tex\latex\hyperref\pd1enc.def"
File: pd1enc.def 2018/02/06 v6.86b Hyperref: PDFDocEncoding definition (HO)
Now handling font encoding PD1 ...
... no UTF-8 mapping file for font encoding PD1
)
\Hy@SavedSpaceFactor=\count94

("C:\Program Files\MiKTeX 2.9\tex\latex\00miktex\hyperref.cfg"
File: hyperref.cfg 2002/06/06 v1.2 hyperref configuration of TeXLive
)
Package hyperref Info: Option `final' set `true' on input line 4383.
Package hyperref Info: Hyper figures OFF on input line 4509.
Package hyperref Info: Link nesting OFF on input line 4514.
Package hyperref Info: Hyper index ON on input line 4517.
Package hyperref Info: Plain pages OFF on input line 4524.
Package hyperref Info: Backreferencing OFF on input line 4529.
Package hyperref Info: Implicit mode ON; LaTeX internals redefined.
Package hyperref Info: Bookmarks ON on input line 4762.
\c@Hy@tempcnt=\count95

(C:\Users\Shaun\AppData\Roaming\MiKTeX\2.9\tex\latex\url\url.sty
\Urlmuskip=\muskip10
Package: url 2013/09/16  ver 3.4  Verb mode for urls, etc.
)
LaTeX Info: Redefining \url on input line 5115.
\XeTeXLinkMargin=\dimen106
\Fld@menulength=\count96
\Field@Width=\dimen107
\Fld@charsize=\dimen108
Package hyperref Info: Hyper figures OFF on input line 6369.
Package hyperref Info: Link nesting OFF on input line 6374.
Package hyperref Info: Hyper index ON on input line 6377.
Package hyperref Info: backreferencing OFF on input line 6384.
Package hyperref Info: Link coloring OFF on input line 6389.
Package hyperref Info: Link coloring with OCG OFF on input line 6394.
Package hyperref Info: PDF/A mode OFF on input line 6399.
LaTeX Info: Redefining \ref on input line 6439.
LaTeX Info: Redefining \pageref on input line 6443.
\Hy@abspage=\count97
\c@Item=\count98
\c@Hfootnote=\count99
)
Package hyperref Info: Driver (autodetected): hpdftex.

("C:\Program Files\MiKTeX 2.9\tex\latex\hyperref\hpdftex.def"
File: hpdftex.def 2018/02/06 v6.86b Hyperref driver for pdfTeX
\Fld@listcount=\count100
\c@bookmark@seq@number=\count101

("C:\Program Files\MiKTeX 2.9\tex\latex\oberdiek\rerunfilecheck.sty"
Package: rerunfilecheck 2016/05/16 v1.8 Rerun checks for auxiliary files (HO)
Package uniquecounter Info: New unique counter `rerunfilecheck' on input line 2
82.
)
\Hy@SectionHShift=\skip45
)
(C:\Users\Shaun\AppData\Roaming\MiKTeX\2.9\tex\latex\caption\caption.sty
Package: caption 2018/05/01 v3.3-147 Customizing captions (AR)

(C:\Users\Shaun\AppData\Roaming\MiKTeX\2.9\tex\latex\caption\caption3.sty
Package: caption3 2018/05/27 v1.8a caption3 kernel (AR)
Package caption3 Info: TeX engine: e-TeX on input line 64.
\captionmargin=\dimen109
\captionmargin@=\dimen110
\captionwidth=\dimen111
\caption@tempdima=\dimen112
\caption@indent=\dimen113
\caption@parindent=\dimen114
\caption@hangindent=\dimen115
)
\c@ContinuedFloat=\count102
Package caption Info: hyperref package is loaded.
)
("C:\Program Files\MiKTeX 2.9\tex\latex\graphics\rotating.sty"
Package: rotating 2016/08/11 v2.16d rotated objects in LaTeX
\c@r@tfl@t=\count103
\rotFPtop=\skip46
\rotFPbot=\skip47
\rot@float@box=\box27
\rot@mess@toks=\toks15
)
("C:\Program Files\MiKTeX 2.9\tex\latex\tools\verbatim.sty"
Package: verbatim 2014/10/28 v1.5q LaTeX2e package for verbatim enhancements
\every@verbatim=\toks16
\verbatim@line=\toks17
\verbatim@in@stream=\read2
)
\c@definition=\count104
\c@theorem=\count105
\@indexfile=\write4
\openout4 = `lect_main.idx'.


Writing index file lect_main.idx
No file lect_main.aux.
\openout1 = `lect_main.aux'.

LaTeX Font Info:    Checking defaults for OML/cmm/m/it on input line 108.
LaTeX Font Info:    ... okay on input line 108.
LaTeX Font Info:    Checking defaults for T1/cmr/m/n on input line 108.
LaTeX Font Info:    ... okay on input line 108.
LaTeX Font Info:    Checking defaults for OT1/cmr/m/n on input line 108.
LaTeX Font Info:    ... okay on input line 108.
LaTeX Font Info:    Checking defaults for OMS/cmsy/m/n on input line 108.
LaTeX Font Info:    ... okay on input line 108.
LaTeX Font Info:    Checking defaults for OMX/cmex/m/n on input line 108.
LaTeX Font Info:    ... okay on input line 108.
LaTeX Font Info:    Checking defaults for U/cmr/m/n on input line 108.
LaTeX Font Info:    ... okay on input line 108.
LaTeX Font Info:    Checking defaults for TS1/cmr/m/n on input line 108.
LaTeX Font Info:    Try loading font information for TS1+cmr on input line 108.

("C:\Program Files\MiKTeX 2.9\tex\latex\base\ts1cmr.fd"
File: ts1cmr.fd 2014/09/29 v2.5h Standard LaTeX font definitions
)
LaTeX Font Info:    ... okay on input line 108.
LaTeX Font Info:    Checking defaults for PD1/pdf/m/n on input line 108.
LaTeX Font Info:    ... okay on input line 108.

(C:\Users\Shaun\AppData\Roaming\MiKTeX\2.9\tex\context\base\supp-pdf.mkii
[Loading MPS to PDF converter (version 2006.09.02).]
\scratchcounter=\count106
\scratchdimen=\dimen116
\scratchbox=\box28
\nofMPsegments=\count107
\nofMParguments=\count108
\everyMPshowfont=\toks18
\MPscratchCnt=\count109
\MPscratchDim=\dimen117
\MPnumerator=\count110
\makeMPintoPDFobject=\count111
\everyMPtoPDFconversion=\toks19
) ("C:\Program Files\MiKTeX 2.9\tex\latex\oberdiek\epstopdf-base.sty"
Package: epstopdf-base 2016/05/15 v2.6 Base part for package epstopdf

("C:\Program Files\MiKTeX 2.9\tex\latex\oberdiek\grfext.sty"
Package: grfext 2016/05/16 v1.2 Manage graphics extensions (HO)
)
Package epstopdf-base Info: Redefining graphics rule for `.eps' on input line 4
38.
Package grfext Info: Graphics extension search list:
(grfext)             [.pdf,.png,.jpg,.mps,.jpeg,.jbig2,.jb2,.PDF,.PNG,.JPG,.JPE
G,.JBIG2,.JB2,.eps]
(grfext)             \AppendGraphicsExtensions on input line 456.
)
\AtBeginShipoutBox=\box29
Package hyperref Info: Link coloring OFF on input line 108.

("C:\Program Files\MiKTeX 2.9\tex\latex\hyperref\nameref.sty"
Package: nameref 2016/05/21 v2.44 Cross-referencing by name of section

("C:\Program Files\MiKTeX 2.9\tex\generic\oberdiek\gettitlestring.sty"
Package: gettitlestring 2016/05/16 v1.5 Cleanup title references (HO)
)
\c@section@level=\count112
)
LaTeX Info: Redefining \ref on input line 108.
LaTeX Info: Redefining \pageref on input line 108.
LaTeX Info: Redefining \nameref on input line 108.
\@outlinefile=\write5
\openout5 = `lect_main.out'.

Package caption Info: Begin \AtBeginDocument code.
Package caption Info: rotating package is loaded.
Package caption Info: End \AtBeginDocument code.

(lect_main-concordance.tex)
LaTeX Font Info:    Try loading font information for T1+aett on input line 129.

 ("C:\Program Files\MiKTeX 2.9\tex\latex\ae\t1aett.fd"
File: t1aett.fd 1997/11/16 Font definitions for T1/aett.
)
LaTeX Font Info:    External font `cmex10' loaded for size
(Font)              <12> on input line 130.
LaTeX Font Info:    External font `cmex10' loaded for size
(Font)              <8> on input line 130.
LaTeX Font Info:    External font `cmex10' loaded for size
(Font)              <6> on input line 130.
 [1

{C:/Users/Shaun/AppData/Local/MiKTeX/2.9/pdftex/config/pdftex.map}]pdfTeX warni
ng (ext4): destination with the same identifier (name{page.1}) has been already
 used, duplicate ignored
<to be read again> 
                   \relax 
l.152 \newpage
               [1]

Package hyperref Warning: old toc file detected, not used; run LaTeX again.

\tf@toc=\write6
\openout6 = `lect_main.toc'.

pdfTeX warning (ext4): destination with the same identifier (name{page.1}) has 
been already used, duplicate ignored
<to be read again> 
                   \relax 
l.159 \newpage
               [1] [2]pdfTeX warning (ext4): destination with the same identifi
er (name{page.1}) has been already used, duplicate ignored
<to be read again> 
                   \relax 
l.251 \newpage
               [1]pdfTeX warning (ext4): destination with the same identifier (
name{page.2}) has been already used, duplicate ignored
<to be read again> 
                   \relax 
l.293 \newpage
               [2]
Underfull \hbox (badness 10000) in paragraph at lines 296--298

 []


Package natbib Warning: Citation `Web2008' on page 3 undefined on input line 29
9.

<lect_main-002.pdf, id=44, 433.62pt x 433.62pt>
File: lect_main-002.pdf Graphic file (type pdf)
<use lect_main-002.pdf>
Package pdftex.def Info: lect_main-002.pdf  used on input line 319.
(pdftex.def)             Requested size: 355.5694pt x 355.58394pt.
[3] [4 <./lect_main-002.pdf>]
<lect_main-003.pdf, id=60, 433.62pt x 433.62pt>
File: lect_main-003.pdf Graphic file (type pdf)
<use lect_main-003.pdf>
Package pdftex.def Info: lect_main-003.pdf  used on input line 347.
(pdftex.def)             Requested size: 355.5694pt x 355.58394pt.
LaTeX Font Info:    External font `cmex10' loaded for size
(Font)              <5> on input line 351.
 [5 <./lect_main-003.pdf>]

Package natbib Warning: Citation `VR2002' on page 6 undefined on input line 385
.

LaTeX Font Info:    Try loading font information for TS1+aer on input line 388.

(C:/PROGRA~1/R/R-35~1.1/share/texmf/tex/latex\ts1aer.fd
File: ts1aer.fd 
)
LaTeX Font Info:    Font shape `TS1/aer/m/n' in size <12> not available
(Font)              Font shape `TS1/cmr/m/n' tried instead on input line 388.

Overfull \hbox (37.67525pt too wide) in paragraph at lines 406--423
[]$\T1/aett/m/n/12 http : / / www . qimacros . com / qiwizard / how-[]to-[]dete
rmine-[]histogram-[]bin-[]interval .
 []


Underfull \hbox (badness 10000) in paragraph at lines 406--423
[]$\T1/aett/m/n/12 http : / / www . micquality . com / introductory _ statistic
s / int08 . htm$[] \T1/aer/m/n/12 states:
 []

[6] [7]
<lect_main-004.pdf, id=92, 433.62pt x 433.62pt>
File: lect_main-004.pdf Graphic file (type pdf)
<use lect_main-004.pdf>
Package pdftex.def Info: lect_main-004.pdf  used on input line 478.
(pdftex.def)             Requested size: 355.5694pt x 355.58394pt.
 [8 <./lect_main-004.pdf>]
<lect_main-005.pdf, id=103, 433.62pt x 433.62pt>
File: lect_main-005.pdf Graphic file (type pdf)
<use lect_main-005.pdf>
Package pdftex.def Info: lect_main-005.pdf  used on input line 511.
(pdftex.def)             Requested size: 355.5694pt x 355.58394pt.
 [9]
<lect_main-006.pdf, id=109, 433.62pt x 433.62pt>
File: lect_main-006.pdf Graphic file (type pdf)
<use lect_main-006.pdf>
Package pdftex.def Info: lect_main-006.pdf  used on input line 524.
(pdftex.def)             Requested size: 355.5694pt x 355.58394pt.
 [10 <./lect_main-005.pdf>]

Package natbib Warning: Citation `WWPJH96' on page 11 undefined on input line 5
43.

[11 <./lect_main-006.pdf>] [12]

Package natbib Warning: Citation `Sym2004' on page 13 undefined on input line 5
56.


Package natbib Warning: Citation `Sc92' on page 13 undefined on input line 558.



Package natbib Warning: Citation `Sc85' on page 13 undefined on input line 568.



Package natbib Warning: Citation `Sc92' on page 13 undefined on input line 571.


<lect_main-007.pdf, id=133, 433.62pt x 433.62pt>
File: lect_main-007.pdf Graphic file (type pdf)
<use lect_main-007.pdf>
Package pdftex.def Info: lect_main-007.pdf  used on input line 602.
(pdftex.def)             Requested size: 355.5694pt x 355.58394pt.
[13] [14 <./lect_main-007.pdf>]
<lect_main-008.pdf, id=149, 433.62pt x 433.62pt>
File: lect_main-008.pdf Graphic file (type pdf)
<use lect_main-008.pdf>
Package pdftex.def Info: lect_main-008.pdf  used on input line 644.
(pdftex.def)             Requested size: 355.5694pt x 355.58394pt.
 [15] [16 <./lect_main-008.pdf>]

Package natbib Warning: Citation `VR2002' on page 17 undefined on input line 65
9.


Package natbib Warning: Citation `MMC2012' on page 17 undefined on input line 6
67.


Package natbib Warning: Citation `Bla1998' on page 17 undefined on input line 6
68.

[17] [18] [19] [20]

Package natbib Warning: Citation `VR2002' on page 21 undefined on input line 81
2.

<lect_main-010.pdf, id=182, 433.62pt x 433.62pt>
File: lect_main-010.pdf Graphic file (type pdf)
<use lect_main-010.pdf>
Package pdftex.def Info: lect_main-010.pdf  used on input line 830.
(pdftex.def)             Requested size: 355.5694pt x 355.58394pt.
[21]
<lect_main-011.pdf, id=189, 433.62pt x 433.62pt>
File: lect_main-011.pdf Graphic file (type pdf)
<use lect_main-011.pdf>
Package pdftex.def Info: lect_main-011.pdf  used on input line 840.
(pdftex.def)             Requested size: 355.5694pt x 355.58394pt.
 [22 <./lect_main-010.pdf>] [23 <./lect_main-011.pdf>]
<lect_main-012.pdf, id=208, 433.62pt x 433.62pt>
File: lect_main-012.pdf Graphic file (type pdf)
<use lect_main-012.pdf>
Package pdftex.def Info: lect_main-012.pdf  used on input line 878.
(pdftex.def)             Requested size: 355.5694pt x 355.58394pt.
 [24]
<lect_main-013.pdf, id=214, 433.62pt x 433.62pt>
File: lect_main-013.pdf Graphic file (type pdf)
<use lect_main-013.pdf>
Package pdftex.def Info: lect_main-013.pdf  used on input line 888.
(pdftex.def)             Requested size: 355.5694pt x 355.58394pt.
 [25 <./lect_main-012.pdf>] [26 <./lect_main-013.pdf>]
<lect_main-014.pdf, id=233, 433.62pt x 433.62pt>
File: lect_main-014.pdf Graphic file (type pdf)
<use lect_main-014.pdf>
Package pdftex.def Info: lect_main-014.pdf  used on input line 922.
(pdftex.def)             Requested size: 355.5694pt x 355.58394pt.
 [27]
<lect_main-015.pdf, id=240, 433.62pt x 433.62pt>
File: lect_main-015.pdf Graphic file (type pdf)
<use lect_main-015.pdf>
Package pdftex.def Info: lect_main-015.pdf  used on input line 932.
(pdftex.def)             Requested size: 355.5694pt x 355.58394pt.
 [28 <./lect_main-014.pdf>]
<lect_main-016.pdf, id=250, 433.62pt x 433.62pt>
File: lect_main-016.pdf Graphic file (type pdf)
<use lect_main-016.pdf>
Package pdftex.def Info: lect_main-016.pdf  used on input line 950.
(pdftex.def)             Requested size: 355.5694pt x 355.58394pt.
 [29 <./lect_main-015.pdf>] [30 <./lect_main-016.pdf>] [31]
LaTeX Font Info:    Try loading font information for TS1+aett on input line 101
5.

(C:/PROGRA~1/R/R-35~1.1/share/texmf/tex/latex\ts1aett.fd
File: ts1aett.fd 
)
LaTeX Font Info:    Try loading font information for TS1+cmtt on input line 101
5.

("C:\Program Files\MiKTeX 2.9\tex\latex\base\ts1cmtt.fd"
File: ts1cmtt.fd 2014/09/29 v2.5h Standard LaTeX font definitions
)
LaTeX Font Info:    Font shape `TS1/aett/m/n' in size <12> not available
(Font)              Font shape `TS1/cmtt/m/n' tried instead on input line 1015.

<lect_main-017.pdf, id=275, 433.62pt x 433.62pt>
File: lect_main-017.pdf Graphic file (type pdf)
<use lect_main-017.pdf>
Package pdftex.def Info: lect_main-017.pdf  used on input line 1032.
(pdftex.def)             Requested size: 355.5694pt x 355.58394pt.
 [32]
<lect_main-018.pdf, id=281, 433.62pt x 433.62pt>
File: lect_main-018.pdf Graphic file (type pdf)
<use lect_main-018.pdf>
Package pdftex.def Info: lect_main-018.pdf  used on input line 1039.
(pdftex.def)             Requested size: 355.5694pt x 355.58394pt.
 [33 <./lect_main-017.pdf>]
<lect_main-019.pdf, id=292, 433.62pt x 433.62pt>
File: lect_main-019.pdf Graphic file (type pdf)
<use lect_main-019.pdf>
Package pdftex.def Info: lect_main-019.pdf  used on input line 1047.
(pdftex.def)             Requested size: 355.5694pt x 355.58394pt.
 [34 <./lect_main-018.pdf>]
<lect_main-020.pdf, id=302, 433.62pt x 433.62pt>
File: lect_main-020.pdf Graphic file (type pdf)
<use lect_main-020.pdf>
Package pdftex.def Info: lect_main-020.pdf  used on input line 1058.
(pdftex.def)             Requested size: 355.5694pt x 355.58394pt.
 [35 <./lect_main-019.pdf>]
<lect_main-021.pdf, id=312, 433.62pt x 433.62pt>
File: lect_main-021.pdf Graphic file (type pdf)
<use lect_main-021.pdf>
Package pdftex.def Info: lect_main-021.pdf  used on input line 1066.
(pdftex.def)             Requested size: 355.5694pt x 355.58394pt.
 [36 <./lect_main-020.pdf>] [37 <./lect_main-021.pdf>]
<lect_main-022.pdf, id=331, 433.62pt x 433.62pt>
File: lect_main-022.pdf Graphic file (type pdf)
<use lect_main-022.pdf>
Package pdftex.def Info: lect_main-022.pdf  used on input line 1106.
(pdftex.def)             Requested size: 355.5694pt x 355.58394pt.
 [38] [39 <./lect_main-022.pdf>]
<lect_main-023.pdf, id=346, 433.62pt x 433.62pt>
File: lect_main-023.pdf Graphic file (type pdf)
<use lect_main-023.pdf>
Package pdftex.def Info: lect_main-023.pdf  used on input line 1135.
(pdftex.def)             Requested size: 355.5694pt x 355.58394pt.

Overfull \hbox (193.82751pt too wide) in paragraph at lines 1138--1140
[]\T1/aer/m/n/12 The web site at []$\T1/aett/m/n/12 https : / / www . r-[]blogg
ers . com / revisiting-[]clevelands-[]the-[]elements-[]of-[]graphing-[]data-[]i
n-[]ggplot2/$[]
 []

[40 <./lect_main-023.pdf>]
<lect_main-024.pdf, id=357, 433.62pt x 433.62pt>
File: lect_main-024.pdf Graphic file (type pdf)
<use lect_main-024.pdf>
Package pdftex.def Info: lect_main-024.pdf  used on input line 1159.
(pdftex.def)             Requested size: 355.5694pt x 355.58394pt.
 [41 <./lect_main-024.pdf>]
<lect_main-025.pdf, id=367, 433.62pt x 433.62pt>
File: lect_main-025.pdf Graphic file (type pdf)
<use lect_main-025.pdf>
Package pdftex.def Info: lect_main-025.pdf  used on input line 1196.
(pdftex.def)             Requested size: 355.5694pt x 355.58394pt.
 [42]
<lect_main-026.pdf, id=372, 433.62pt x 433.62pt>
File: lect_main-026.pdf Graphic file (type pdf)
<use lect_main-026.pdf>
Package pdftex.def Info: lect_main-026.pdf  used on input line 1215.
(pdftex.def)             Requested size: 355.5694pt x 355.58394pt.
 [43 <./lect_main-025.pdf>] [44 <./lect_main-026.pdf>]

Package natbib Warning: Citation `CH93' on page 45 undefined on input line 1250
.

[45]
<lect_main-027.pdf, id=397, 433.62pt x 433.62pt>
File: lect_main-027.pdf Graphic file (type pdf)
<use lect_main-027.pdf>
Package pdftex.def Info: lect_main-027.pdf  used on input line 1277.
(pdftex.def)             Requested size: 355.5694pt x 355.58394pt.
<lect_main-028.pdf, id=398, 433.62pt x 433.62pt>
File: lect_main-028.pdf Graphic file (type pdf)
<use lect_main-028.pdf>
Package pdftex.def Info: lect_main-028.pdf  used on input line 1291.
(pdftex.def)             Requested size: 355.5694pt x 355.58394pt.
 [46 <./lect_main-027.pdf>]
<lect_main-029.pdf, id=409, 433.62pt x 433.62pt>
File: lect_main-029.pdf Graphic file (type pdf)
<use lect_main-029.pdf>
Package pdftex.def Info: lect_main-029.pdf  used on input line 1307.
(pdftex.def)             Requested size: 355.5694pt x 355.58394pt.
 [47 <./lect_main-028.pdf>] [48 <./lect_main-029.pdf>]
<lect_main-030.pdf, id=431, 433.62pt x 433.62pt>
File: lect_main-030.pdf Graphic file (type pdf)
<use lect_main-030.pdf>
Package pdftex.def Info: lect_main-030.pdf  used on input line 1363.
(pdftex.def)             Requested size: 355.5694pt x 355.58394pt.
 [49] [50 <./lect_main-030.pdf>]
<lect_main-031.pdf, id=445, 433.62pt x 433.62pt>
File: lect_main-031.pdf Graphic file (type pdf)
<use lect_main-031.pdf>
Package pdftex.def Info: lect_main-031.pdf  used on input line 1412.
(pdftex.def)             Requested size: 355.5694pt x 355.58394pt.
 [51] [52 <./lect_main-031.pdf>]
<lect_main-032.pdf, id=467, 433.62pt x 433.62pt>
File: lect_main-032.pdf Graphic file (type pdf)
<use lect_main-032.pdf>
Package pdftex.def Info: lect_main-032.pdf  used on input line 1443.
(pdftex.def)             Requested size: 355.5694pt x 355.58394pt.
 [53 <./lect_main-032.pdf>]
<lect_main-033.pdf, id=480, 433.62pt x 433.62pt>
File: lect_main-033.pdf Graphic file (type pdf)
<use lect_main-033.pdf>
Package pdftex.def Info: lect_main-033.pdf  used on input line 1477.
(pdftex.def)             Requested size: 355.5694pt x 355.58394pt.
 [54]
<lect_main-034.pdf, id=485, 433.62pt x 433.62pt>
File: lect_main-034.pdf Graphic file (type pdf)
<use lect_main-034.pdf>
Package pdftex.def Info: lect_main-034.pdf  used on input line 1493.
(pdftex.def)             Requested size: 355.5694pt x 355.58394pt.
 [55 <./lect_main-033.pdf>] [56 <./lect_main-034.pdf>]
Underfull \hbox (badness 10000) in paragraph at lines 1502--1503

 []


Underfull \hbox (badness 10000) in paragraph at lines 1510--1515

 []

<lect_main-035.pdf, id=505, 433.62pt x 433.62pt>
File: lect_main-035.pdf Graphic file (type pdf)
<use lect_main-035.pdf>
Package pdftex.def Info: lect_main-035.pdf  used on input line 1551.
(pdftex.def)             Requested size: 355.5694pt x 355.58394pt.
[57]
<lect_main-037.pdf, id=512, 433.62pt x 433.62pt>
File: lect_main-037.pdf Graphic file (type pdf)
<use lect_main-037.pdf>
Package pdftex.def Info: lect_main-037.pdf  used on input line 1580.
(pdftex.def)             Requested size: 355.5694pt x 355.58394pt.
 [58 <./lect_main-035.pdf>] [59 <./lect_main-037.pdf>]
Underfull \hbox (badness 10000) in paragraph at lines 1589--1590

 []


Underfull \hbox (badness 10000) in paragraph at lines 1594--1595

 []

[60]
Underfull \hbox (badness 10000) in paragraph at lines 1617--1618

 []


Underfull \hbox (badness 10000) in paragraph at lines 1622--1623

 []

[61] [62]
<lect_main-040.pdf, id=546, 433.62pt x 433.62pt>
File: lect_main-040.pdf Graphic file (type pdf)
<use lect_main-040.pdf>
Package pdftex.def Info: lect_main-040.pdf  used on input line 1712.
(pdftex.def)             Requested size: 355.5694pt x 355.58394pt.
<lect_main-041.pdf, id=547, 433.62pt x 433.62pt>
File: lect_main-041.pdf Graphic file (type pdf)
<use lect_main-041.pdf>
Package pdftex.def Info: lect_main-041.pdf  used on input line 1721.
(pdftex.def)             Requested size: 355.5694pt x 355.58394pt.
 [63 <./lect_main-040.pdf>] [64 <./lect_main-041.pdf>]

Package natbib Warning: Citation `Mu2006' on page 65 undefined on input line 17
40.


Overfull \hbox (7.0067pt too wide) in paragraph at lines 1740--1742
[]\T1/aer/bx/n/12 ?\T1/aer/m/n/12 , Chap-ter 4: []$\T1/aett/m/n/12 https : / / 
www . stat . auckland . ac . nz / ~paul / RGraphics / chapter4 .
 []


Underfull \hbox (badness 10000) in paragraph at lines 1749--1750

 []

[65] (lect_main.bbl)

Package natbib Warning: There were undefined citations.

Package atveryend Info: Empty hook `BeforeClearDocument' on input line 1793.
pdfTeX warning (ext4): destination with the same identifier (name{page.1}) has 
been already used, duplicate ignored
<to be read again> 
                   \relax 
l.1793 \end{document}
                      [1]
Package atveryend Info: Empty hook `AfterLastShipout' on input line 1793.
 (lect_main.aux)
Package atveryend Info: Executing hook `AtVeryEndDocument' on input line 1793.
Package atveryend Info: Executing hook `AtEndAfterFileList' on input line 1793.



Package rerunfilecheck Warning: File `lect_main.out' has changed.
(rerunfilecheck)                Rerun to get outlines right
(rerunfilecheck)                or use package `bookmark'.

Package rerunfilecheck Info: Checksums for `lect_main.out':
(rerunfilecheck)             Before: <no file>
(rerunfilecheck)             After:  FEA7BF92128BF1373BAB936BCE6B3960;1134.

LaTeX Warning: Label(s) may have changed. Rerun to get cross-references right.

Package atveryend Info: Empty hook `AtVeryVeryEnd' on input line 1793.
 ) 
Here is how much of TeX's memory you used:
 8041 strings out of 492973
 122399 string characters out of 3135932
 205102 words of memory out of 3000000
 11682 multiletter control sequences out of 15000+200000
 33826 words of font info for 70 fonts, out of 3000000 for 9000
 1141 hyphenation exceptions out of 8191
 36i,6n,38p,222b,478s stack positions out of 5000i,500n,10000p,200000b,50000s
 <C:\Users\Shaun\AppData\Local\MiKTeX\2.9\fonts\pk\ljfour\jknappen\ec\dpi600\
tctt1200.pk> <C:\Users\Shaun\AppData\Local\MiKTeX\2.9\fonts\pk\ljfour\jknappen\
ec\dpi600\tcrm1200.pk><C:/Program Files/MiKTeX 2.9/fonts/type1/public/amsfonts/
cm/cmbx12.pfb><C:/Program Files/MiKTeX 2.9/fonts/type1/public/amsfonts/cm/cmex1
0.pfb><C:/Program Files/MiKTeX 2.9/fonts/type1/public/amsfonts/cm/cmmi12.pfb><C
:/Program Files/MiKTeX 2.9/fonts/type1/public/amsfonts/cm/cmmi8.pfb><C:/Program
 Files/MiKTeX 2.9/fonts/type1/public/amsfonts/cm/cmr12.pfb><C:/Program Files/Mi
KTeX 2.9/fonts/type1/public/amsfonts/cm/cmr6.pfb><C:/Program Files/MiKTeX 2.9/f
onts/type1/public/amsfonts/cm/cmr8.pfb><C:/Program Files/MiKTeX 2.9/fonts/type1
/public/amsfonts/cm/cmsltt10.pfb><C:/Program Files/MiKTeX 2.9/fonts/type1/publi
c/amsfonts/cm/cmsy10.pfb><C:/Program Files/MiKTeX 2.9/fonts/type1/public/amsfon
ts/cm/cmsy8.pfb><C:/Program Files/MiKTeX 2.9/fonts/type1/public/amsfonts/cm/cmt
i12.pfb><C:/Program Files/MiKTeX 2.9/fonts/type1/public/amsfonts/cm/cmtt12.pfb>
<C:/Program Files/MiKTeX 2.9/fonts/type1/public/amsfonts/cm/cmtt8.pfb>
Output written on lect_main.pdf (70 pages, 918439 bytes).
PDF statistics:
 652 PDF objects out of 1000 (max. 8388607)
 81 named destinations out of 1000 (max. 500000)
 201 words of extra memory for PDF output out of 10000 (max. 10000000)

